16-Feb-2024 08:52:25.778 INFO [http-nio-8080-exec-3] org.apache.coyote.http11.Http11Processor.service Error parsing HTTP request header
 Note: further occurrences of HTTP request parsing errors will be logged at DEBUG level.
	java.lang.IllegalArgumentException: Invalid character found in the HTTP protocol [RTSP/1.00x0d0x0aCSeq: ]
		at org.apache.coyote.http11.Http11InputBuffer.parseRequestLine(Http11InputBuffer.java:558)
		at org.apache.coyote.http11.Http11Processor.service(Http11Processor.java:263)
		at org.apache.coyote.AbstractProcessorLight.process(AbstractProcessorLight.java:63)
		at org.apache.coyote.AbstractProtocol$ConnectionHandler.process(AbstractProtocol.java:928)
		at org.apache.tomcat.util.net.NioEndpoint$SocketProcessor.doRun(NioEndpoint.java:1794)
		at org.apache.tomcat.util.net.SocketProcessorBase.run(SocketProcessorBase.java:52)
		at org.apache.tomcat.util.threads.ThreadPoolExecutor.runWorker(ThreadPoolExecutor.java:1191)
		at org.apache.tomcat.util.threads.ThreadPoolExecutor$Worker.run(ThreadPoolExecutor.java:659)
		at org.apache.tomcat.util.threads.TaskThread$WrappingRunnable.run(TaskThread.java:61)
		at java.base/java.lang.Thread.run(Thread.java:1583)
16-Feb-2024 12:50:01.306 INFO [main] org.apache.catalina.startup.VersionLoggerListener.log Server version name:   Apache Tomcat/9.0.85
16-Feb-2024 12:50:01.310 INFO [main] org.apache.catalina.startup.VersionLoggerListener.log Server built:          Jan 5 2024 08:28:07 UTC
16-Feb-2024 12:50:01.311 INFO [main] org.apache.catalina.startup.VersionLoggerListener.log Server version number: 9.0.85.0
16-Feb-2024 12:50:01.311 INFO [main] org.apache.catalina.startup.VersionLoggerListener.log OS Name:               Windows 11
16-Feb-2024 12:50:01.311 INFO [main] org.apache.catalina.startup.VersionLoggerListener.log OS Version:            10.0
16-Feb-2024 12:50:01.311 INFO [main] org.apache.catalina.startup.VersionLoggerListener.log Architecture:          amd64
16-Feb-2024 12:50:01.311 INFO [main] org.apache.catalina.startup.VersionLoggerListener.log Java Home:             C:\Program Files\Java\jdk-21
16-Feb-2024 12:50:01.311 INFO [main] org.apache.catalina.startup.VersionLoggerListener.log JVM Version:           21.0.1+12-LTS-29
16-Feb-2024 12:50:01.311 INFO [main] org.apache.catalina.startup.VersionLoggerListener.log JVM Vendor:            Oracle Corporation
16-Feb-2024 12:50:01.311 INFO [main] org.apache.catalina.startup.VersionLoggerListener.log CATALINA_BASE:         C:\Users\venka\IdeaProjects\batch33-springmvc
16-Feb-2024 12:50:01.312 INFO [main] org.apache.catalina.startup.VersionLoggerListener.log CATALINA_HOME:         C:\Users\venka\Downloads\apache-tomcat-9.0.85-windows-x64\apache-tomcat-9.0.85
16-Feb-2024 12:50:01.322 INFO [main] org.apache.catalina.startup.VersionLoggerListener.log Command line argument: --add-opens=java.base/java.lang=ALL-UNNAMED
16-Feb-2024 12:50:01.322 INFO [main] org.apache.catalina.startup.VersionLoggerListener.log Command line argument: --add-opens=java.base/java.io=ALL-UNNAMED
16-Feb-2024 12:50:01.322 INFO [main] org.apache.catalina.startup.VersionLoggerListener.log Command line argument: --add-opens=java.base/java.util=ALL-UNNAMED
16-Feb-2024 12:50:01.322 INFO [main] org.apache.catalina.startup.VersionLoggerListener.log Command line argument: --add-opens=java.base/java.util.concurrent=ALL-UNNAMED
16-Feb-2024 12:50:01.323 INFO [main] org.apache.catalina.startup.VersionLoggerListener.log Command line argument: --add-opens=java.rmi/sun.rmi.transport=ALL-UNNAMED
16-Feb-2024 12:50:01.323 INFO [main] org.apache.catalina.startup.VersionLoggerListener.log Command line argument: -Dcatalina.home=C:\Users\venka\Downloads\apache-tomcat-9.0.85-windows-x64\apache-tomcat-9.0.85
16-Feb-2024 12:50:01.323 INFO [main] org.apache.catalina.startup.VersionLoggerListener.log Command line argument: -Dcatalina.base=C:\Users\venka\IdeaProjects\batch33-springmvc
16-Feb-2024 12:50:01.323 INFO [main] org.apache.catalina.startup.VersionLoggerListener.log Command line argument: -Djava.io.tmpdir=C:\Users\venka\IdeaProjects\batch33-springmvc\temp
16-Feb-2024 12:50:01.323 INFO [main] org.apache.catalina.startup.VersionLoggerListener.log Command line argument: -Djava.util.logging.config.file=C:\Users\venka\IdeaProjects\batch33-springmvc\conf\logging.properties
16-Feb-2024 12:50:01.323 INFO [main] org.apache.catalina.startup.VersionLoggerListener.log Command line argument: -Djava.util.logging.manager=org.apache.juli.ClassLoaderLogManager
16-Feb-2024 12:50:01.323 INFO [main] org.apache.catalina.startup.VersionLoggerListener.log Command line argument: -javaagent:C:\Program Files\JetBrains\IntelliJ IDEA Community Edition 2023.3.2\lib\idea_rt.jar=59254:C:\Program Files\JetBrains\IntelliJ IDEA Community Edition 2023.3.2\bin
16-Feb-2024 12:50:01.323 INFO [main] org.apache.catalina.startup.VersionLoggerListener.log Command line argument: -Dfile.encoding=UTF-8
16-Feb-2024 12:50:01.324 INFO [main] org.apache.catalina.startup.VersionLoggerListener.log Command line argument: -Dsun.stdout.encoding=UTF-8
16-Feb-2024 12:50:01.324 INFO [main] org.apache.catalina.startup.VersionLoggerListener.log Command line argument: -Dsun.stderr.encoding=UTF-8
16-Feb-2024 12:50:01.331 INFO [main] org.apache.catalina.core.AprLifecycleListener.lifecycleEvent Loaded Apache Tomcat Native library [1.2.39] using APR version [1.7.4].
16-Feb-2024 12:50:01.331 INFO [main] org.apache.catalina.core.AprLifecycleListener.lifecycleEvent APR capabilities: IPv6 [true], sendfile [true], accept filters [false], random [true], UDS [true].
16-Feb-2024 12:50:01.331 INFO [main] org.apache.catalina.core.AprLifecycleListener.lifecycleEvent APR/OpenSSL configuration: useAprConnector [false], useOpenSSL [true]
16-Feb-2024 12:50:01.339 INFO [main] org.apache.catalina.core.AprLifecycleListener.initializeSSL OpenSSL successfully initialized [OpenSSL 3.0.11 19 Sep 2023]
16-Feb-2024 12:50:01.763 INFO [main] org.apache.coyote.AbstractProtocol.init Initializing ProtocolHandler ["http-nio-8080"]
16-Feb-2024 12:50:01.773 SEVERE [main] org.apache.catalina.util.LifecycleBase.handleSubClassException Failed to initialize component [Connector["http-nio-8080"]]
	org.apache.catalina.LifecycleException: Protocol handler initialization failed
		at org.apache.catalina.connector.Connector.initInternal(Connector.java:1011)
		at org.apache.catalina.util.LifecycleBase.init(LifecycleBase.java:127)
		at org.apache.catalina.core.StandardService.initInternal(StandardService.java:554)
		at org.apache.catalina.util.LifecycleBase.init(LifecycleBase.java:127)
		at org.apache.catalina.core.StandardServer.initInternal(StandardServer.java:1039)
		at org.apache.catalina.util.LifecycleBase.init(LifecycleBase.java:127)
		at org.apache.catalina.startup.Catalina.load(Catalina.java:724)
		at org.apache.catalina.startup.Catalina.load(Catalina.java:746)
		at java.base/jdk.internal.reflect.DirectMethodHandleAccessor.invoke(DirectMethodHandleAccessor.java:103)
		at java.base/java.lang.reflect.Method.invoke(Method.java:580)
		at org.apache.catalina.startup.Bootstrap.load(Bootstrap.java:307)
		at org.apache.catalina.startup.Bootstrap.main(Bootstrap.java:477)
	Caused by: java.net.BindException: Address already in use: bind
		at java.base/sun.nio.ch.Net.bind0(Native Method)
		at java.base/sun.nio.ch.Net.bind(Net.java:565)
		at java.base/sun.nio.ch.ServerSocketChannelImpl.netBind(ServerSocketChannelImpl.java:344)
		at java.base/sun.nio.ch.ServerSocketChannelImpl.bind(ServerSocketChannelImpl.java:301)
		at org.apache.tomcat.util.net.NioEndpoint.initServerSocket(NioEndpoint.java:276)
		at org.apache.tomcat.util.net.NioEndpoint.bind(NioEndpoint.java:231)
		at org.apache.tomcat.util.net.AbstractEndpoint.bindWithCleanup(AbstractEndpoint.java:1332)
		at org.apache.tomcat.util.net.AbstractEndpoint.init(AbstractEndpoint.java:1345)
		at org.apache.coyote.AbstractProtocol.init(AbstractProtocol.java:654)
		at org.apache.coyote.http11.AbstractHttp11Protocol.init(AbstractHttp11Protocol.java:75)
		at org.apache.catalina.connector.Connector.initInternal(Connector.java:1009)
		... 11 more
16-Feb-2024 12:50:01.775 INFO [main] org.apache.catalina.startup.Catalina.load Server initialization in [690] milliseconds
16-Feb-2024 12:50:01.832 INFO [main] org.apache.catalina.core.StandardService.startInternal Starting service [Catalina]
16-Feb-2024 12:50:01.832 INFO [main] org.apache.catalina.core.StandardEngine.startInternal Starting Servlet engine: [Apache Tomcat/9.0.85]
16-Feb-2024 12:50:01.846 INFO [main] org.apache.catalina.startup.HostConfig.deployDescriptor Deploying deployment descriptor [C:\Users\venka\IdeaProjects\batch33-springmvc\conf\Catalina\localhost\springmvc.xml]
16-Feb-2024 12:50:03.572 INFO [main] org.apache.jasper.servlet.TldScanner.scanJars At least one JAR was scanned for TLDs yet contained no TLDs. Enable debug logging for this logger for a complete list of JARs that were scanned but no TLDs were found in them. Skipping unneeded JARs during scanning can improve startup time and JSP compilation time.
16-Feb-2024 12:50:03.953 INFO [main] org.springframework.web.servlet.DispatcherServlet.initServletBean FrameworkServlet 'spring': initialization started
16-Feb-2024 12:50:03.997 INFO [main] org.springframework.web.context.support.XmlWebApplicationContext.prepareRefresh Refreshing WebApplicationContext for namespace 'spring-servlet': startup date [Fri Feb 16 12:50:03 CST 2024]; root of context hierarchy
16-Feb-2024 12:50:04.081 INFO [main] org.springframework.beans.factory.xml.XmlBeanDefinitionReader.loadBeanDefinitions Loading XML bean definitions from ServletContext resource [/WEB-INF/spring-servlet.xml]
16-Feb-2024 12:50:05.052 INFO [Catalina-utility-2] org.apache.catalina.startup.HostConfig.undeploy Undeploying context [/springmvc]
16-Feb-2024 12:50:05.053 INFO [Catalina-utility-2] org.springframework.web.context.support.XmlWebApplicationContext.doClose Closing WebApplicationContext for namespace 'spring-servlet': startup date [Thu Feb 15 13:50:49 CST 2024]; root of context hierarchy
16-Feb-2024 12:50:05.082 INFO [Catalina-utility-2] org.apache.catalina.startup.HostConfig.deployDescriptor Deploying deployment descriptor [C:\Users\venka\IdeaProjects\batch33-springmvc\conf\Catalina\localhost\springmvc.xml]
16-Feb-2024 12:50:05.450 INFO [main] org.springframework.web.servlet.mvc.method.annotation.RequestMappingHandlerMapping.register Mapped "{[/bmi],methods=[POST]}" onto public java.lang.String com.java.cis.BMIController.result(double,double,org.springframework.ui.Model)
16-Feb-2024 12:50:05.454 INFO [main] org.springframework.web.servlet.mvc.method.annotation.RequestMappingHandlerMapping.register Mapped "{[/],methods=[GET]}" onto public java.lang.String com.java.cis.BMIController.input(java.util.Locale,org.springframework.ui.Model)
16-Feb-2024 12:50:05.467 INFO [main] org.springframework.web.servlet.mvc.method.annotation.RequestMappingHandlerMapping.register Mapped "{[/bmirest],methods=[POST]}" onto public java.lang.String com.java.cis.BMIRestController.calculateBMI(double,double)
16-Feb-2024 12:50:05.471 INFO [main] org.springframework.web.servlet.mvc.method.annotation.RequestMappingHandlerMapping.register Mapped "{[/Login],methods=[GET]}" onto public java.lang.String com.java.cis.HomeController.home(java.util.Locale,org.springframework.ui.Model)
16-Feb-2024 12:50:05.472 INFO [main] org.springframework.web.servlet.mvc.method.annotation.RequestMappingHandlerMapping.register Mapped "{[/user],methods=[POST]}" onto public java.lang.String com.java.cis.HomeController.user(com.java.cis.User,org.springframework.ui.Model)
16-Feb-2024 12:50:05.675 INFO [main] org.springframework.web.servlet.mvc.method.annotation.RequestMappingHandlerAdapter.initControllerAdviceCache Looking for @ControllerAdvice: WebApplicationContext for namespace 'spring-servlet': startup date [Fri Feb 16 12:50:03 CST 2024]; root of context hierarchy
16-Feb-2024 12:50:05.805 INFO [main] org.springframework.web.servlet.mvc.method.annotation.RequestMappingHandlerAdapter.initControllerAdviceCache Looking for @ControllerAdvice: WebApplicationContext for namespace 'spring-servlet': startup date [Fri Feb 16 12:50:03 CST 2024]; root of context hierarchy
16-Feb-2024 12:50:06.208 INFO [main] org.springframework.web.servlet.DispatcherServlet.initServletBean FrameworkServlet 'spring': initialization completed in 2254 ms
16-Feb-2024 12:50:06.222 INFO [main] org.apache.catalina.startup.HostConfig.deployDescriptor Deployment of deployment descriptor [C:\Users\venka\IdeaProjects\batch33-springmvc\conf\Catalina\localhost\springmvc.xml] has finished in [4,375] ms
16-Feb-2024 12:50:06.226 INFO [main] org.apache.catalina.startup.Catalina.start Server startup in [4450] milliseconds
16-Feb-2024 12:50:06.233 SEVERE [main] org.apache.catalina.core.StandardServer.await Failed to create server shutdown socket on address [localhost] and port [8005] (base port [8005] and offset [0])
	java.net.BindException: Address already in use: bind
		at java.base/sun.nio.ch.Net.bind0(Native Method)
		at java.base/sun.nio.ch.Net.bind(Net.java:565)
		at java.base/sun.nio.ch.Net.bind(Net.java:554)
		at java.base/sun.nio.ch.NioSocketImpl.bind(NioSocketImpl.java:636)
		at java.base/java.net.ServerSocket.bind(ServerSocket.java:391)
		at java.base/java.net.ServerSocket.<init>(ServerSocket.java:278)
		at org.apache.catalina.core.StandardServer.await(StandardServer.java:581)
		at org.apache.catalina.startup.Catalina.await(Catalina.java:864)
		at org.apache.catalina.startup.Catalina.start(Catalina.java:810)
		at java.base/jdk.internal.reflect.DirectMethodHandleAccessor.invoke(DirectMethodHandleAccessor.java:103)
		at java.base/java.lang.reflect.Method.invoke(Method.java:580)
		at org.apache.catalina.startup.Bootstrap.start(Bootstrap.java:347)
		at org.apache.catalina.startup.Bootstrap.main(Bootstrap.java:478)
16-Feb-2024 12:50:06.234 INFO [main] org.apache.coyote.AbstractProtocol.pause Pausing ProtocolHandler ["http-nio-8080"]
16-Feb-2024 12:50:06.234 INFO [main] org.apache.catalina.core.StandardService.stopInternal Stopping service [Catalina]
16-Feb-2024 12:50:06.235 INFO [main] org.springframework.web.context.support.XmlWebApplicationContext.doClose Closing WebApplicationContext for namespace 'spring-servlet': startup date [Fri Feb 16 12:50:03 CST 2024]; root of context hierarchy
16-Feb-2024 12:50:06.245 INFO [main] org.apache.coyote.AbstractProtocol.stop Stopping ProtocolHandler ["http-nio-8080"]
16-Feb-2024 12:50:06.245 INFO [main] org.apache.coyote.AbstractProtocol.destroy Destroying ProtocolHandler ["http-nio-8080"]
16-Feb-2024 12:50:06.565 INFO [Catalina-utility-2] org.apache.jasper.servlet.TldScanner.scanJars At least one JAR was scanned for TLDs yet contained no TLDs. Enable debug logging for this logger for a complete list of JARs that were scanned but no TLDs were found in them. Skipping unneeded JARs during scanning can improve startup time and JSP compilation time.
16-Feb-2024 12:50:06.843 INFO [Catalina-utility-2] org.springframework.web.servlet.DispatcherServlet.initServletBean FrameworkServlet 'spring': initialization started
16-Feb-2024 12:50:06.909 INFO [Catalina-utility-2] org.springframework.web.context.support.XmlWebApplicationContext.prepareRefresh Refreshing WebApplicationContext for namespace 'spring-servlet': startup date [Fri Feb 16 12:50:06 CST 2024]; root of context hierarchy
16-Feb-2024 12:50:07.000 INFO [Catalina-utility-2] org.springframework.beans.factory.xml.XmlBeanDefinitionReader.loadBeanDefinitions Loading XML bean definitions from ServletContext resource [/WEB-INF/spring-servlet.xml]
16-Feb-2024 12:50:08.414 INFO [Catalina-utility-2] org.springframework.web.servlet.mvc.method.annotation.RequestMappingHandlerMapping.register Mapped "{[/bmi],methods=[POST]}" onto public java.lang.String com.java.cis.BMIController.result(double,double,org.springframework.ui.Model)
16-Feb-2024 12:50:08.416 INFO [Catalina-utility-2] org.springframework.web.servlet.mvc.method.annotation.RequestMappingHandlerMapping.register Mapped "{[/],methods=[GET]}" onto public java.lang.String com.java.cis.BMIController.input(java.util.Locale,org.springframework.ui.Model)
16-Feb-2024 12:50:08.424 INFO [Catalina-utility-2] org.springframework.web.servlet.mvc.method.annotation.RequestMappingHandlerMapping.register Mapped "{[/bmirest],methods=[POST]}" onto public java.lang.String com.java.cis.BMIRestController.calculateBMI(double,double)
16-Feb-2024 12:50:08.427 INFO [Catalina-utility-2] org.springframework.web.servlet.mvc.method.annotation.RequestMappingHandlerMapping.register Mapped "{[/Login],methods=[GET]}" onto public java.lang.String com.java.cis.HomeController.home(java.util.Locale,org.springframework.ui.Model)
16-Feb-2024 12:50:08.427 INFO [Catalina-utility-2] org.springframework.web.servlet.mvc.method.annotation.RequestMappingHandlerMapping.register Mapped "{[/user],methods=[POST]}" onto public java.lang.String com.java.cis.HomeController.user(com.java.cis.User,org.springframework.ui.Model)
16-Feb-2024 12:50:08.596 INFO [Catalina-utility-2] org.springframework.web.servlet.mvc.method.annotation.RequestMappingHandlerAdapter.initControllerAdviceCache Looking for @ControllerAdvice: WebApplicationContext for namespace 'spring-servlet': startup date [Fri Feb 16 12:50:06 CST 2024]; root of context hierarchy
16-Feb-2024 12:50:08.730 INFO [Catalina-utility-2] org.springframework.web.servlet.mvc.method.annotation.RequestMappingHandlerAdapter.initControllerAdviceCache Looking for @ControllerAdvice: WebApplicationContext for namespace 'spring-servlet': startup date [Fri Feb 16 12:50:06 CST 2024]; root of context hierarchy
16-Feb-2024 12:50:09.047 INFO [Catalina-utility-2] org.springframework.web.servlet.DispatcherServlet.initServletBean FrameworkServlet 'spring': initialization completed in 2203 ms
16-Feb-2024 12:50:09.052 INFO [Catalina-utility-2] org.apache.catalina.startup.HostConfig.deployDescriptor Deployment of deployment descriptor [C:\Users\venka\IdeaProjects\batch33-springmvc\conf\Catalina\localhost\springmvc.xml] has finished in [3,969] ms
